0 info it worked if it ends with ok
1 verbose cli [ '/Users/jrthib/.nvm/versions/node/v0.12.8/bin/node',
1 verbose cli   '/Users/jrthib/.nvm/versions/node/v0.12.8/bin/npm',
1 verbose cli   'publish' ]
2 info using npm@2.14.9
3 info using node@v0.12.8
4 verbose publish [ '.' ]
5 silly cache add args [ '.', null ]
6 verbose cache add spec .
7 silly cache add parsed spec { raw: '.',
7 silly cache add   scope: null,
7 silly cache add   name: null,
7 silly cache add   rawSpec: '.',
7 silly cache add   spec: '/Users/jrthib/Development/Dashride/zoho-invoice-node',
7 silly cache add   type: 'directory' }
8 verbose addLocalDirectory /Users/jrthib/.npm/zoho-invoice/0.3.0/package.tgz not in flight; packing
9 verbose tar pack [ '/Users/jrthib/.npm/zoho-invoice/0.3.0/package.tgz',
9 verbose tar pack   '/Users/jrthib/Development/Dashride/zoho-invoice-node' ]
10 verbose tarball /Users/jrthib/.npm/zoho-invoice/0.3.0/package.tgz
11 verbose folder /Users/jrthib/Development/Dashride/zoho-invoice-node
12 info prepublish zoho-invoice@0.3.0
13 verbose unsafe-perm in lifecycle true
14 info zoho-invoice@0.3.0 Failed to exec prepublish script
15 error addLocalDirectory Could not pack /Users/jrthib/Development/Dashride/zoho-invoice-node to /Users/jrthib/.npm/zoho-invoice/0.3.0/package.tgz
16 error addLocal Could not install /Users/jrthib/Development/Dashride/zoho-invoice-node
17 verbose stack Error: zoho-invoice@0.3.0 prepublish: `npm run test && npm run compile && npm run docs`
17 verbose stack Exit status 1
17 verbose stack     at EventEmitter.<anonymous> (/Users/jrthib/.nvm/versions/node/v0.12.8/lib/node_modules/npm/lib/utils/lifecycle.js:214:16)
17 verbose stack     at EventEmitter.emit (events.js:110:17)
17 verbose stack     at ChildProcess.<anonymous> (/Users/jrthib/.nvm/versions/node/v0.12.8/lib/node_modules/npm/lib/utils/spawn.js:24:14)
17 verbose stack     at ChildProcess.emit (events.js:110:17)
17 verbose stack     at maybeClose (child_process.js:1016:16)
17 verbose stack     at Process.ChildProcess._handle.onexit (child_process.js:1088:5)
18 verbose pkgid zoho-invoice@0.3.0
19 verbose cwd /Users/jrthib/Development/Dashride/zoho-invoice-node
20 error Darwin 15.0.0
21 error argv "/Users/jrthib/.nvm/versions/node/v0.12.8/bin/node" "/Users/jrthib/.nvm/versions/node/v0.12.8/bin/npm" "publish"
22 error node v0.12.8
23 error npm  v2.14.9
24 error code ELIFECYCLE
25 error zoho-invoice@0.3.0 prepublish: `npm run test && npm run compile && npm run docs`
25 error Exit status 1
26 error Failed at the zoho-invoice@0.3.0 prepublish script 'npm run test && npm run compile && npm run docs'.
26 error This is most likely a problem with the zoho-invoice package,
26 error not with npm itself.
26 error Tell the author that this fails on your system:
26 error     npm run test && npm run compile && npm run docs
26 error You can get their info via:
26 error     npm owner ls zoho-invoice
26 error There is likely additional logging output above.
27 verbose exit [ 1, true ]
